mode: set
D:\Icortez\repo\testfif1\funciones.go:11.62,17.23 4 1
D:\Icortez\repo\testfif1\funciones.go:22.2,28.19 3 1
D:\Icortez\repo\testfif1\funciones.go:33.2,34.19 2 1
D:\Icortez\repo\testfif1\funciones.go:38.2,40.40 2 1
D:\Icortez\repo\testfif1\funciones.go:67.2,67.22 1 1
D:\Icortez\repo\testfif1\funciones.go:17.23,20.3 2 1
D:\Icortez\repo\testfif1\funciones.go:28.19,30.3 1 1
D:\Icortez\repo\testfif1\funciones.go:34.19,36.3 1 1
D:\Icortez\repo\testfif1\funciones.go:40.40,42.35 2 1
D:\Icortez\repo\testfif1\funciones.go:42.35,46.21 2 1
D:\Icortez\repo\testfif1\funciones.go:52.4,53.21 2 1
D:\Icortez\repo\testfif1\funciones.go:57.4,59.55 2 1
D:\Icortez\repo\testfif1\funciones.go:46.21,48.5 1 1
D:\Icortez\repo\testfif1\funciones.go:53.21,55.5 1 1
D:\Icortez\repo\testfif1\funciones.go:59.55,61.5 1 1
D:\Icortez\repo\testfif1\funciones.go:61.10,63.5 1 1
D:\Icortez\repo\testfif1\funciones.go:70.91,79.16 6 1
D:\Icortez\repo\testfif1\funciones.go:84.2,86.39 2 1
D:\Icortez\repo\testfif1\funciones.go:79.16,82.3 2 1
D:\Icortez\repo\testfif1\funciones.go:90.51,95.19 2 1
D:\Icortez\repo\testfif1\funciones.go:99.2,99.40 1 1
D:\Icortez\repo\testfif1\funciones.go:105.2,105.11 1 1
D:\Icortez\repo\testfif1\funciones.go:95.19,97.3 1 1
D:\Icortez\repo\testfif1\funciones.go:99.40,101.17 2 1
D:\Icortez\repo\testfif1\funciones.go:101.17,103.4 1 1
D:\Icortez\repo\testfif1\test1.go:7.13,10.15 3 0
D:\Icortez\repo\testfif1\test1.go:10.15,12.3 1 0
D:\Icortez\repo\testfif1\test1.go:12.8,14.3 1 0
